<?xml version="1.0" encoding="UTF-8"?>
<robot generator="Robot 7.4.2 (Python 3.11.8 on win32)" generated="2026-03-25T16:42:42.349911" rpa="false" schemaversion="5">
<suite id="s1" name="projet tutore MATTHIEU PETTEX" source="C:\Users\matpe\AppData\Local\ProjetFinalM2I\projet_tutore_MATTHIEU_PETTEX">
<suite id="s1-s1" name="Code" source="C:\Users\matpe\AppData\Local\ProjetFinalM2I\projet_tutore_MATTHIEU_PETTEX\Code">
<suite id="s1-s1-s1" name="Tests" source="C:\Users\matpe\AppData\Local\ProjetFinalM2I\projet_tutore_MATTHIEU_PETTEX\Code\tests">
<suite id="s1-s1-s1-s1" name="test orange HRM" source="C:\Users\matpe\AppData\Local\ProjetFinalM2I\projet_tutore_MATTHIEU_PETTEX\Code\tests\test_orange_HRM.robot">
<kw name="Open Website" owner="loginPage" type="SETUP">
<kw name="Open Browser" owner="SeleniumLibrary">
<msg time="2026-03-25T16:42:42.637941" level="INFO">Opening browser 'chrome' to base url 'https://opensource-demo.orangehrmlive.com/web/index.php/auth/login'.</msg>
<arg>${URL}</arg>
<arg>chrome</arg>
<doc>Opens a new browser instance to the optional ``url``.</doc>
<status status="PASS" start="2026-03-25T16:42:42.637941" elapsed="3.298009"/>
</kw>
<kw name="Maximize Browser Window" owner="SeleniumLibrary">
<doc>Maximizes current browser window.</doc>
<status status="PASS" start="2026-03-25T16:42:45.936951" elapsed="0.020005"/>
</kw>
<doc>Ouvre le navigateur et se rend sur le site OrangeHRM puis met la fenêtre en grand</doc>
<status status="PASS" start="2026-03-25T16:42:42.636941" elapsed="3.320015"/>
</kw>
<test id="s1-s1-s1-s1-t1" name="Test Upgrade" line="50">
<kw name="Log" owner="BuiltIn" type="SETUP">
<msg time="2026-03-25T16:42:45.960956" level="INFO">Début du test</msg>
<arg>Début du test</arg>
<doc>Logs the given message with the given level.</doc>
<status status="PASS" start="2026-03-25T16:42:45.960956" elapsed="0.000000"/>
</kw>
<kw name="Log In" owner="loginPage">
<kw name="Load User Data" owner="loginPage">
<kw name="Load Json From File" owner="JSONLibrary">
<msg time="2026-03-25T16:42:45.962956" level="INFO">${json} = {'username': 'Admin', 'password': 'admin123'}</msg>
<var>${json}</var>
<arg>C:\\Users\\matpe\\AppData\\Local\\ProjetFinalM2I\\projet_tutore_MATTHIEU_PETTEX\\Code\\pages/../data/users.json</arg>
<doc>Load JSON from file.</doc>
<status status="PASS" start="2026-03-25T16:42:45.961957" elapsed="0.000999"/>
</kw>
<kw name="Get Value From Json" owner="JSONLibrary">
<msg time="2026-03-25T16:42:45.977960" level="INFO">${username} = ['Admin']</msg>
<var>${username}</var>
<arg>${json}</arg>
<arg>$.username</arg>
<doc>Get Value From JSON using JSONPath</doc>
<status status="PASS" start="2026-03-25T16:42:45.962956" elapsed="0.015004"/>
</kw>
<kw name="Get Value From Json" owner="JSONLibrary">
<msg time="2026-03-25T16:42:45.990962" level="INFO">${password} = ['admin123']</msg>
<var>${password}</var>
<arg>${json}</arg>
<arg>$.password</arg>
<doc>Get Value From JSON using JSONPath</doc>
<status status="PASS" start="2026-03-25T16:42:45.978960" elapsed="0.012002"/>
</kw>
<kw name="Set Suite Variable" owner="BuiltIn">
<msg time="2026-03-25T16:42:45.991963" level="INFO">${USERNAME} = Admin</msg>
<arg>${USERNAME}</arg>
<arg>${username[0]}</arg>
<doc>Makes a variable available everywhere within the scope of the current suite.</doc>
<status status="PASS" start="2026-03-25T16:42:45.990962" elapsed="0.001001"/>
</kw>
<kw name="Set Suite Variable" owner="BuiltIn">
<msg time="2026-03-25T16:42:45.993963" level="INFO">${PASSWORD} = admin123</msg>
<arg>${PASSWORD}</arg>
<arg>${password[0]}</arg>
<doc>Makes a variable available everywhere within the scope of the current suite.</doc>
<status status="PASS" start="2026-03-25T16:42:45.992964" elapsed="0.000999"/>
</kw>
<doc>Charge les données utilisateurs depuis users.json</doc>
<status status="PASS" start="2026-03-25T16:42:45.961957" elapsed="0.032006"/>
</kw>
<kw name="Wait Until Element Is Visible" owner="SeleniumLibrary">
<arg>name=username</arg>
<arg>10s</arg>
<doc>Waits until the element ``locator`` is visible.</doc>
<status status="PASS" start="2026-03-25T16:42:45.993963" elapsed="0.427228"/>
</kw>
<kw name="Username Input" owner="loginPage">
<kw name="Input Text" owner="SeleniumLibrary">
<msg time="2026-03-25T16:42:46.422190" level="INFO">Typing text 'Admin' into text field 'name=username'.</msg>
<arg>name=username</arg>
<arg>${USERNAME}</arg>
<doc>Types the given ``text`` into the text field identified by ``locator``.</doc>
<status status="PASS" start="2026-03-25T16:42:46.422190" elapsed="0.044014"/>
</kw>
<doc>Insere le nom d'utilisateur dans le champ de connexion</doc>
<status status="PASS" start="2026-03-25T16:42:46.421191" elapsed="0.045013"/>
</kw>
<kw name="Password Input" owner="loginPage">
<kw name="Input Text" owner="SeleniumLibrary">
<msg time="2026-03-25T16:42:46.467203" level="INFO">Typing text 'admin123' into text field 'name=password'.</msg>
<arg>name=password</arg>
<arg>${PASSWORD}</arg>
<doc>Types the given ``text`` into the text field identified by ``locator``.</doc>
<status status="PASS" start="2026-03-25T16:42:46.467203" elapsed="0.048640"/>
</kw>
<doc>Insere le mot de passe dans le champ de connexion</doc>
<status status="PASS" start="2026-03-25T16:42:46.466204" elapsed="0.050639"/>
</kw>
<kw name="Login Click" owner="loginPage">
<kw name="Click Button" owner="SeleniumLibrary">
<msg time="2026-03-25T16:42:46.517844" level="INFO">Clicking button 'xpath=//button[@type='submit']'.</msg>
<arg>xpath=//button[@type='submit']</arg>
<doc>Clicks the button identified by ``locator``.</doc>
<status status="PASS" start="2026-03-25T16:42:46.517844" elapsed="0.049299"/>
</kw>
<doc>Clique sur le bouton pour se connecter</doc>
<status status="PASS" start="2026-03-25T16:42:46.516843" elapsed="0.050300"/>
</kw>
<doc>Execute les étapes de connexion</doc>
<status status="PASS" start="2026-03-25T16:42:45.961957" elapsed="0.605186"/>
</kw>
<kw name="Upgrade Page Access" owner="upgradePage">
<kw name="Wait Until Element Is Visible" owner="SeleniumLibrary">
<arg>xpath=//a[contains(.,'Upgrade')]</arg>
<arg>10s</arg>
<doc>Waits until the element ``locator`` is visible.</doc>
<status status="PASS" start="2026-03-25T16:42:46.568143" elapsed="1.790621"/>
</kw>
<kw name="Click Element" owner="SeleniumLibrary">
<msg time="2026-03-25T16:42:48.358764" level="INFO">Clicking element 'xpath=//a[contains(.,'Upgrade')]'.</msg>
<arg>xpath=//a[contains(.,'Upgrade')]</arg>
<doc>Click the element identified by ``locator``.</doc>
<status status="PASS" start="2026-03-25T16:42:48.358764" elapsed="0.055015"/>
</kw>
<doc>Accède à la page Upgrade depuis l'application.</doc>
<status status="PASS" start="2026-03-25T16:42:46.567143" elapsed="1.846636"/>
</kw>
<kw name="Fill Form" owner="upgradePage">
<kw name="Wait Until Element Is Visible" owner="SeleniumLibrary">
<msg time="2026-03-25T16:42:58.687577" level="INFO" html="true">&lt;/td&gt;&lt;/tr&gt;&lt;tr&gt;&lt;td colspan="3"&gt;&lt;a href="selenium-screenshot-6.png"&gt;&lt;img src="selenium-screenshot-6.png" width="800px"&gt;&lt;/a&gt;</msg>
<msg time="2026-03-25T16:42:58.687577" level="FAIL">Element 'xpath=//button[contains(@class,'close')]' not visible after 10 seconds.</msg>
<arg>xpath=//button[contains(@class,'close')]</arg>
<arg>10s</arg>
<doc>Waits until the element ``locator`` is visible.</doc>
<status status="FAIL" start="2026-03-25T16:42:48.414780" elapsed="10.277797">Element 'xpath=//button[contains(@class,'close')]' not visible after 10 seconds.</status>
</kw>
<kw name="Click Element" owner="SeleniumLibrary">
<arg>xpath=//button[contains(@class,'close')]</arg>
<doc>Click the element identified by ``locator``.</doc>
<status status="NOT RUN" start="2026-03-25T16:42:58.693577" elapsed="0.000000"/>
</kw>
<kw name="Wait Until Element Is Visible" owner="SeleniumLibrary">
<arg>xpath=//input[contains(@name,'firstname')]</arg>
<arg>15s</arg>
<doc>Waits until the element ``locator`` is visible.</doc>
<status status="NOT RUN" start="2026-03-25T16:42:58.693577" elapsed="0.000000"/>
</kw>
<kw name="Input Text" owner="SeleniumLibrary">
<arg>xpath=//input[contains(@name,'firstname')]</arg>
<arg>Matthieu</arg>
<doc>Types the given ``text`` into the text field identified by ``locator``.</doc>
<status status="NOT RUN" start="2026-03-25T16:42:58.693577" elapsed="0.000000"/>
</kw>
<kw name="Input Text" owner="SeleniumLibrary">
<arg>xpath=//input[contains(@name,'lastname')]</arg>
<arg>Pettex</arg>
<doc>Types the given ``text`` into the text field identified by ``locator``.</doc>
<status status="NOT RUN" start="2026-03-25T16:42:58.694577" elapsed="0.000000"/>
</kw>
<kw name="Input Text" owner="SeleniumLibrary">
<arg>xpath=//input[contains(@name,'email')]</arg>
<arg>test@gmail.com</arg>
<doc>Types the given ``text`` into the text field identified by ``locator``.</doc>
<status status="NOT RUN" start="2026-03-25T16:42:58.694577" elapsed="0.000000"/>
</kw>
<kw name="Input Text" owner="SeleniumLibrary">
<arg>xpath=//input[contains(@name,'phone')]</arg>
<arg>0700000000</arg>
<doc>Types the given ``text`` into the text field identified by ``locator``.</doc>
<status status="NOT RUN" start="2026-03-25T16:42:58.694577" elapsed="0.000000"/>
</kw>
<kw name="Input Text" owner="SeleniumLibrary">
<arg>xpath=//input[contains(@name,'company')]</arg>
<arg>Sogeti</arg>
<doc>Types the given ``text`` into the text field identified by ``locator``.</doc>
<status status="NOT RUN" start="2026-03-25T16:42:58.694577" elapsed="0.000000"/>
</kw>
<kw name="Input Text" owner="SeleniumLibrary">
<arg>xpath=//input[contains(@name,'jobtitle')]</arg>
<arg>Ingénieur en test logiciel</arg>
<doc>Types the given ``text`` into the text field identified by ``locator``.</doc>
<status status="NOT RUN" start="2026-03-25T16:42:58.694577" elapsed="0.001000"/>
</kw>
<kw name="Input Text" owner="SeleniumLibrary">
<arg>xpath=//textarea[contains(@name,'message')]</arg>
<arg>Test automatisé Robot Framework</arg>
<doc>Types the given ``text`` into the text field identified by ``locator``.</doc>
<status status="NOT RUN" start="2026-03-25T16:42:58.695577" elapsed="0.000000"/>
</kw>
<doc>Remplit les 7 champs du formulaire Upgrade.</doc>
<status status="FAIL" start="2026-03-25T16:42:48.414780" elapsed="10.280797">Element 'xpath=//button[contains(@class,'close')]' not visible after 10 seconds.</status>
</kw>
<kw name="Submit Form" owner="upgradePage">
<doc>Soumet le formulaire Upgrade.</doc>
<status status="NOT RUN" start="2026-03-25T16:42:58.695577" elapsed="0.001002"/>
</kw>
<kw name="Verify Submit" owner="upgradePage">
<doc>Vérifie que la soumission a réussi (redirection ou message).</doc>
<status status="NOT RUN" start="2026-03-25T16:42:58.696579" elapsed="0.000000"/>
</kw>
<kw name="Log" owner="BuiltIn" type="TEARDOWN">
<msg time="2026-03-25T16:42:58.697578" level="INFO">Fin du test</msg>
<arg>Fin du test</arg>
<doc>Logs the given message with the given level.</doc>
<status status="PASS" start="2026-03-25T16:42:58.696579" elapsed="0.000999"/>
</kw>
<doc>Test de la foncionnalité upgrade du site.</doc>
<status status="FAIL" start="2026-03-25T16:42:45.956956" elapsed="12.740622">Element 'xpath=//button[contains(@class,'close')]' not visible after 10 seconds.</status>
</test>
<kw name="Close Website" owner="loginPage" type="TEARDOWN">
<kw name="Close Browser" owner="SeleniumLibrary">
<doc>Closes the current browser.</doc>
<status status="PASS" start="2026-03-25T16:42:58.703580" elapsed="2.137139"/>
</kw>
<doc>Ferme le site OrangeHRM</doc>
<status status="PASS" start="2026-03-25T16:42:58.703580" elapsed="2.137139"/>
</kw>
<status status="FAIL" start="2026-03-25T16:42:42.390320" elapsed="18.450399"/>
</suite>
<status status="FAIL" start="2026-03-25T16:42:42.387319" elapsed="18.457402"/>
</suite>
<status status="FAIL" start="2026-03-25T16:42:42.384128" elapsed="18.462593"/>
</suite>
<status status="FAIL" start="2026-03-25T16:42:42.354912" elapsed="18.493810"/>
</suite>
<statistics>
<total>
<stat pass="0" fail="1" skip="0">All Tests</stat>
</total>
<tag>
</tag>
<suite>
<stat name="projet tutore MATTHIEU PETTEX" id="s1" pass="0" fail="1" skip="0">projet tutore MATTHIEU PETTEX</stat>
<stat name="Code" id="s1-s1" pass="0" fail="1" skip="0">projet tutore MATTHIEU PETTEX.Code</stat>
<stat name="Tests" id="s1-s1-s1" pass="0" fail="1" skip="0">projet tutore MATTHIEU PETTEX.Code.Tests</stat>
<stat name="test orange HRM" id="s1-s1-s1-s1" pass="0" fail="1" skip="0">projet tutore MATTHIEU PETTEX.Code.Tests.test orange HRM</stat>
</suite>
</statistics>
<errors>
</errors>
</robot>
